Arguments: 
  C:\Program Files\nodejs\node.exe C:\Users\mahmoud\AppData\Roaming\npm\node_modules\yarn\bin\yarn.js add express cors

PATH: 
  C:\Python311\Scripts\;C:\Python311\;C:\WINDOWS\system32;C:\WINDOWS;C:\WINDOWS\System32\Wbem;C:\WINDOWS\System32\WindowsPowerShell\v1.0\;C:\WINDOWS\System32\OpenSSH\;C:\Program Files\nodejs\;C:\ProgramData\chocolatey\bin;C:\Program Files\Git\cmd;C:\Users\mahmoud\AppData\Local\Microsoft\WindowsApps;C:\Users\mahmoud\AppData\Local\Programs\Microsoft VS Code\bin;C:\Users\mahmoud\AppData\Roaming\npm;C:\Users\mahmoud\AppData\Local\GitHubDesktop\bin

Yarn version: 
  1.22.19

Node version: 
  18.17.1

Platform: 
  win32 x64

Trace: 
  Error: EPERM: operation not permitted, unlink 'D:\tasks-db\node_modules\bcrypt\lib\binding\napi-v3\bcrypt_lib.node'

npm manifest: 
  {
    "name": "tasks-db",
    "version": "1.0.0",
    "description": "",
    "main": "app.js",
    "scripts": {
      "start": "node app.js",
      "test": "echo \"Error: no test specified\" && exit 1"
    },
    "engines": {
      "node": "v18.17.1"
    },
    "author": "",
    "license": "ISC",
    "dependencies": {
      "bcrypt": "^5.1.1",
      "express": "^4.18.2",
      "express-session": "^1.17.3",
      "http-status-codes": "^2.2.0",
      "joi": "^17.9.2",
      "jsonwebtoken": "^9.0.1",
      "mongoose": "^7.4.4",
      "nodemailer": "^6.9.5",
      "nodemon": "^3.0.1"
    }
  }

yarn manifest: 
  No manifest

Lockfile: 
  No lockfile
